<?xml version="1.0" encoding="UTF-8"?>
<testng-results skipped="0" failed="0" ignored="0" total="1" passed="1">
  <reporter-output>
  </reporter-output>
  <suite name="Surefire suite" duration-ms="6" started-at="2021-05-22T17:57:53 IST" finished-at="2021-05-22T17:57:53 IST">
    <groups>
    </groups>
    <test name="Surefire test" duration-ms="6" started-at="2021-05-22T17:57:53 IST" finished-at="2021-05-22T17:57:53 IST">
      <class name="academy.MavenJava.AppTest">
        <test-method status="PASS" signature="testApp()[pri:0, instance:testApp(academy.MavenJava.AppTest)]" name="testApp" duration-ms="1" started-at="2021-05-22T17:57:53 IST" finished-at="2021-05-22T17:57:53 IST">
          <reporter-output>
          </reporter-output>
        </test-method> <!-- testApp -->
      </class> <!-- academy.MavenJava.AppTest -->
    </test> <!-- Surefire test -->
  </suite> <!-- Surefire suite -->
</testng-results>
