<?xml version="1.0" encoding="UTF-8"?>
<testng-results skipped="0" failed="0" ignored="0" total="4" passed="4">
  <reporter-output>
  </reporter-output>
  <suite name="Surefire suite" duration-ms="33" started-at="2021-05-22T17:57:53 IST" finished-at="2021-05-22T17:57:53 IST">
    <groups>
    </groups>
    <test name="Surefire test" duration-ms="33" started-at="2021-05-22T17:57:53 IST" finished-at="2021-05-22T17:57:53 IST">
      <class name="academy.MavenJava.Test1Test">
        <test-method status="PASS" signature="test1a()[pri:0, instance:academy.MavenJava.Test1Test@370736d9]" name="test1a" duration-ms="3" started-at="2021-05-22T17:57:53 IST" finished-at="2021-05-22T17:57:53 IST">
          <reporter-output>
          </reporter-output>
        </test-method> <!-- test1a -->
        <test-method status="PASS" signature="test1b()[pri:0, instance:academy.MavenJava.Test1Test@370736d9]" name="test1b" duration-ms="1" started-at="2021-05-22T17:57:53 IST" finished-at="2021-05-22T17:57:53 IST">
          <reporter-output>
          </reporter-output>
        </test-method> <!-- test1b -->
      </class> <!-- academy.MavenJava.Test1Test -->
      <class name="academy.MavenJava.Test2Test">
        <test-method status="PASS" signature="test2a()[pri:0, instance:academy.MavenJava.Test2Test@eec5a4a]" name="test2a" duration-ms="0" started-at="2021-05-22T17:57:53 IST" finished-at="2021-05-22T17:57:53 IST">
          <reporter-output>
          </reporter-output>
        </test-method> <!-- test2a -->
        <test-method status="PASS" signature="test2b()[pri:0, instance:academy.MavenJava.Test2Test@eec5a4a]" name="test2b" duration-ms="0" started-at="2021-05-22T17:57:53 IST" finished-at="2021-05-22T17:57:53 IST">
          <reporter-output>
          </reporter-output>
        </test-method> <!-- test2b -->
      </class> <!-- academy.MavenJava.Test2Test -->
    </test> <!-- Surefire test -->
  </suite> <!-- Surefire suite -->
</testng-results>
