<?xml version="1.0" encoding="UTF-8"?>
<testng-results skipped="0" failed="0" total="1" passed="1">
  <reporter-output>
  </reporter-output>
  <suite name="Default suite" duration-ms="25249" started-at="2021-05-28T07:12:04Z" finished-at="2021-05-28T07:12:30Z">
    <groups>
    </groups>
    <test name="Default test" duration-ms="25249" started-at="2021-05-28T07:12:04Z" finished-at="2021-05-28T07:12:30Z">
      <class name="TestCases.LoginApplication">
        <test-method status="PASS" signature="Login()[pri:0, instance:TestCases.LoginApplication@32d992b2]" name="Login" duration-ms="25232" started-at="2021-05-28T12:42:04Z" finished-at="2021-05-28T12:42:30Z">
          <reporter-output>
          </reporter-output>
        </test-method> <!-- Login -->
      </class> <!-- TestCases.LoginApplication -->
    </test> <!-- Default test -->
  </suite> <!-- Default suite -->
</testng-results>
