<?xml version="1.0" encoding="UTF-8"?>
<testng-results skipped="0" failed="0" total="1" passed="1">
  <reporter-output>
  </reporter-output>
  <suite name="Default suite" duration-ms="492" started-at="2021-05-25T07:53:19Z" finished-at="2021-05-25T07:53:20Z">
    <groups>
    </groups>
    <test name="Default test" duration-ms="492" started-at="2021-05-25T07:53:19Z" finished-at="2021-05-25T07:53:20Z">
      <class name="academy.excel.ToShowDataTest">
        <test-method status="PASS" signature="ShowData()[pri:0, instance:academy.excel.ToShowDataTest@13805618]" name="ShowData" duration-ms="476" started-at="2021-05-25T13:23:19Z" finished-at="2021-05-25T13:23:20Z">
          <reporter-output>
          </reporter-output>
        </test-method> <!-- ShowData -->
      </class> <!-- academy.excel.ToShowDataTest -->
    </test> <!-- Default test -->
  </suite> <!-- Default suite -->
</testng-results>
