<?xml version="1.0" encoding="UTF-8"?>
<!-- Generated by org.testng.reporters.JUnitXMLReporter -->
<testsuite hostname="VTPLDSK084" name="personal" tests="5" failures="0" timestamp="19 May 2021 04:27:54 GMT" time="0.022" errors="0">
  <testcase name="demo" time="0.004" classname="pack1.day1"/>
  <testcase name="demo2" time="0.001" classname="pack1.day1"/>
  <testcase name="demo3" time="0.001" classname="pack1.day2"/>
  <testcase name="apiLoginhouseLoan" time="0.0" classname="pack1.day4"/>
  <testcase name="mobileloginhouseLoan" time="0.0" classname="pack1.day4"/>
</testsuite> <!-- personal -->
