<?xml version="1.0" encoding="UTF-8"?>
<testng-results skipped="0" failed="0" total="1" passed="1">
  <reporter-output>
  </reporter-output>
  <suite name="Suite" duration-ms="42747" started-at="2021-06-28T07:45:58Z" finished-at="2021-06-28T07:46:41Z">
    <groups>
      <group name="cucumber">
        <method signature="AbstractTestNGCucumberTests.feature(cucumber.api.testng.CucumberFeatureWrapper)[pri:0, instance:run.testrunner@6646153]" name="feature" class="cucumber.api.testng.AbstractTestNGCucumberTests"/>
      </group> <!-- cucumber -->
    </groups>
    <test name="Test" duration-ms="42747" started-at="2021-06-28T07:45:58Z" finished-at="2021-06-28T07:46:41Z">
      <class name="run.testrunner">
        <test-method status="PASS" signature="setUpClass()[pri:0, instance:run.testrunner@6646153]" name="setUpClass" is-config="true" duration-ms="137" started-at="2021-06-28T13:15:58Z" finished-at="2021-06-28T13:15:58Z">
          <reporter-output>
          </reporter-output>
        </test-method> <!-- setUpClass -->
        <test-method status="PASS" signature="feature(cucumber.api.testng.CucumberFeatureWrapper)[pri:0, instance:run.testrunner@6646153]" name="feature" duration-ms="42540" started-at="2021-06-28T13:15:59Z" description="Runs Cucumber Feature" data-provider="features" finished-at="2021-06-28T13:16:41Z">
          <params>
            <param index="0">
              <value>
                <![CDATA[Application Login]]>
              </value>
            </param>
          </params>
          <reporter-output>
          </reporter-output>
        </test-method> <!-- feature -->
        <test-method status="PASS" signature="tearDownClass()[pri:0, instance:run.testrunner@6646153]" name="tearDownClass" is-config="true" duration-ms="1" started-at="2021-06-28T13:16:41Z" finished-at="2021-06-28T13:16:41Z">
          <reporter-output>
          </reporter-output>
        </test-method> <!-- tearDownClass -->
      </class> <!-- run.testrunner -->
    </test> <!-- Test -->
  </suite> <!-- Suite -->
</testng-results>
