<?xml version="1.0" encoding="UTF-8"?>
<!-- Generated by org.testng.reporters.JUnitXMLReporter -->
<testsuite hostname="VTPLDSK084" name="Test2" tests="1" failures="1" timestamp="1 Jun 2021 05:22:47 GMT" time="9.307" errors="0">
  <testcase name="basePageNavigation" time="0.17" classname="Academy.E2EProject.titleValidation">
    <failure type="java.lang.AssertionError" message="expected [FEATURED123 COURSES] but found [FEATURED COURSES]">
      <![CDATA[java.lang.AssertionError: expected [FEATURED123 COURSES] but found [FEATURED COURSES]
	at Academy.E2EProject.titleValidation.basePageNavigation(titleValidation.java:32)
... Removed 31 stack frames]]>
    </failure>
  </testcase> <!-- basePageNavigation -->
</testsuite> <!-- Test2 -->
