<?xml version="1.0" encoding="UTF-8"?>
<testng-results skipped="0" failed="0" ignored="0" total="1" passed="1">
  <reporter-output>
  </reporter-output>
  <suite name="Surefire suite" duration-ms="393" started-at="2021-05-25T10:55:42 IST" finished-at="2021-05-25T10:55:43 IST">
    <groups>
    </groups>
    <test name="Surefire test" duration-ms="393" started-at="2021-05-25T10:55:42 IST" finished-at="2021-05-25T10:55:43 IST">
      <class name="academy.excel.ToShowDataTest">
        <test-method status="PASS" signature="ShowData()[pri:0, instance:academy.excel.ToShowDataTest@1786dec2]" name="ShowData" duration-ms="378" started-at="2021-05-25T10:55:42 IST" finished-at="2021-05-25T10:55:43 IST">
          <reporter-output>
          </reporter-output>
        </test-method> <!-- ShowData -->
      </class> <!-- academy.excel.ToShowDataTest -->
    </test> <!-- Surefire test -->
  </suite> <!-- Surefire suite -->
</testng-results>
