<?xml version="1.0" encoding="UTF-8"?>
<testng-results skipped="0" failed="0" total="1" passed="1">
  <reporter-output>
  </reporter-output>
  <suite name="Default suite" duration-ms="156" started-at="2021-05-24T04:55:32Z" finished-at="2021-05-24T04:55:32Z">
    <groups>
    </groups>
    <test name="Default test" duration-ms="156" started-at="2021-05-24T04:55:32Z" finished-at="2021-05-24T04:55:32Z">
      <class name="pack1.globalvaluesdrive">
        <test-method status="PASS" signature="globalvalues()[pri:0, instance:pack1.globalvaluesdrive@6f7fd0e6]" name="globalvalues" duration-ms="140" started-at="2021-05-24T10:25:32Z" finished-at="2021-05-24T10:25:32Z">
          <reporter-output>
          </reporter-output>
        </test-method> <!-- globalvalues -->
      </class> <!-- pack1.globalvaluesdrive -->
    </test> <!-- Default test -->
  </suite> <!-- Default suite -->
</testng-results>
