<?xml version="1.0" encoding="UTF-8"?>
<!-- Generated by org.testng.reporters.JUnitXMLReporter -->
<testsuite hostname="VTPLDSK084" ignored="0" name="Test" tests="4" failures="0" timestamp="2021-05-23T14:51:50 IST" time="0.033" errors="0">
  <testcase name="test2a" time="0.003" classname="academy.MavenJava.Test2Test"/>
  <testcase name="test2b" time="0.001" classname="academy.MavenJava.Test2Test"/>
  <testcase name="test1a" time="0.0" classname="academy.MavenJava.Test1Test"/>
  <testcase name="test1b" time="0.0" classname="academy.MavenJava.Test1Test"/>
</testsuite> <!-- Test -->
